{
  "stats": {
    "suites": 2,
    "tests": 3,
    "passes": 3,
    "pending": 0,
    "failures": 0,
    "start": "2020-10-17T06:08:47.897Z",
    "end": "2020-10-17T06:08:48.785Z",
    "duration": 888,
    "testsRegistered": 3,
    "passPercent": 100,
    "pendingPercent": 0,
    "other": 0,
    "hasOther": false,
    "skipped": 0,
    "hasSkipped": false
  },
  "results": [
    {
      "uuid": "a87cd783-dbeb-45b8-909a-2c735d34e91b",
      "title": "",
      "fullFile": "cypress/integration/test-ns.spec.js",
      "file": "cypress/integration/test-ns.spec.js",
      "beforeHooks": [],
      "afterHooks": [],
      "tests": [],
      "suites": [
        {
          "uuid": "1f0139cb-c3fe-4e8d-815c-c57a30ebb6b5",
          "title": "BS",
          "fullFile": "",
          "file": "",
          "beforeHooks": [],
          "afterHooks": [],
          "tests": [
            {
              "title": "Test test",
              "fullTitle": "BS Test test",
              "timedOut": null,
              "duration": 101,
              "state": "passed",
              "speed": "slow",
              "pass": true,
              "fail": false,
              "pending": false,
              "context": null,
              "code": "expect(true).to.equal(true);",
              "err": {},
              "uuid": "54806ec4-1730-4c01-9f7f-18623c8fcea4",
              "parentUUID": "1f0139cb-c3fe-4e8d-815c-c57a30ebb6b5",
              "isHook": false,
              "skipped": false
            }
          ],
          "suites": [],
          "passes": [
            "54806ec4-1730-4c01-9f7f-18623c8fcea4"
          ],
          "failures": [],
          "pending": [],
          "skipped": [],
          "duration": 101,
          "root": false,
          "rootEmpty": false,
          "_timeout": 2000
        },
        {
          "uuid": "a32efa23-7243-4edb-92cd-1259e6e9cb58",
          "title": "Local",
          "fullFile": "",
          "file": "",
          "beforeHooks": [],
          "afterHooks": [],
          "tests": [
            {
              "title": "page successfully loads",
              "fullTitle": "Local page successfully loads",
              "timedOut": null,
              "duration": 368,
              "state": "passed",
              "speed": "slow",
              "pass": true,
              "fail": false,
              "pending": false,
              "context": null,
              "code": "cy.visit('/index.html');",
              "err": {},
              "uuid": "83f09615-f5b5-43ef-ac8d-2261fb99e87d",
              "parentUUID": "a32efa23-7243-4edb-92cd-1259e6e9cb58",
              "isHook": false,
              "skipped": false
            },
            {
              "title": "button click should toggle visibility",
              "fullTitle": "Local button click should toggle visibility",
              "timedOut": null,
              "duration": 283,
              "state": "passed",
              "speed": "slow",
              "pass": true,
              "fail": false,
              "pending": false,
              "context": null,
              "code": "cy.get('button').click();\ncy.get('#useless-paragraph').should('not.be.visible');\ncy.get('button').click();\ncy.get('#useless-paragraph').should('be.visible');",
              "err": {},
              "uuid": "8c450f63-7537-4b1c-a600-9a9fe98778ee",
              "parentUUID": "a32efa23-7243-4edb-92cd-1259e6e9cb58",
              "isHook": false,
              "skipped": false
            }
          ],
          "suites": [],
          "passes": [
            "83f09615-f5b5-43ef-ac8d-2261fb99e87d",
            "8c450f63-7537-4b1c-a600-9a9fe98778ee"
          ],
          "failures": [],
          "pending": [],
          "skipped": [],
          "duration": 651,
          "root": false,
          "rootEmpty": false,
          "_timeout": 2000
        }
      ],
      "passes": [],
      "failures": [],
      "pending": [],
      "skipped": [],
      "duration": 0,
      "root": true,
      "rootEmpty": true,
      "_timeout": 2000
    }
  ],
  "meta": {
    "mocha": {
      "version": "7.0.1"
    },
    "mochawesome": {
      "options": {
        "quiet": false,
        "reportFilename": "mochawesome",
        "saveHtml": true,
        "saveJson": true,
        "consoleReporter": "spec",
        "useInlineDiffs": false,
        "code": true
      },
      "version": "6.1.1"
    },
    "marge": {
      "options": null,
      "version": "5.1.0"
    }
  }
}